2017-11-23 14:08:50.911 [br.com.fish.devops.Application.main()] INFO  br.com.fish.devops.Application - Starting Application on dmop-Inspiron-7559 with PID 626 (/home/dmop/Documentos/Projects/PEDIDO_service/target/classes started by dmop in /home/dmop/Documentos/Projects/PEDIDO_service)
2017-11-23 14:08:50.961 [br.com.fish.devops.Application.main()] INFO  org.springframework.boot.context.embedded.AnnotationConfigEmbeddedWebApplicationContext - Refreshing org.springframework.boot.context.embedded.AnnotationConfigEmbeddedWebApplicationContext@67ae40ab: startup date [Thu Nov 23 14:08:50 BRT 2017]; root of context hierarchy
2017-11-23 14:08:51.708 [br.com.fish.devops.Application.main()] INFO  org.springframework.beans.factory.support.DefaultListableBeanFactory - Overriding bean definition for bean 'beanNameViewResolver': replacing [Root bean: class [null]; scope=; abstract=false; lazyInit=false; autowireMode=3; dependencyCheck=0; autowireCandidate=true; primary=false; factoryBeanName=org.springframework.boot.autoconfigure.web.ErrorMvcAutoConfiguration$WhitelabelErrorViewConfiguration; factoryMethodName=beanNameViewResolver; initMethodName=null; destroyMethodName=(inferred); defined in class path resource [org/springframework/boot/autoconfigure/web/ErrorMvcAutoConfiguration$WhitelabelErrorViewConfiguration.class]] with [Root bean: class [null]; scope=; abstract=false; lazyInit=false; autowireMode=3; dependencyCheck=0; autowireCandidate=true; primary=false; factoryBeanName=org.springframework.boot.autoconfigure.web.WebMvcAutoConfiguration$WebMvcAutoConfigurationAdapter; factoryMethodName=beanNameViewResolver; initMethodName=null; destroyMethodName=(inferred); defined in class path resource [org/springframework/boot/autoconfigure/web/WebMvcAutoConfiguration$WebMvcAutoConfigurationAdapter.class]]
2017-11-23 14:08:51.965 [br.com.fish.devops.Application.main()] INFO  org.springframework.beans.factory.annotation.AutowiredAnnotationBeanPostProcessor - JSR-330 'javax.inject.Inject' annotation found and supported for autowiring
2017-11-23 14:08:52.066 [br.com.fish.devops.Application.main()] INFO  org.hibernate.validator.internal.util.Version - HV000001: Hibernate Validator 5.0.0.Final
2017-11-23 14:08:52.453 [br.com.fish.devops.Application.main()] INFO  org.springframework.boot.context.embedded.tomcat.TomcatEmbeddedServletContainer - Tomcat initialized with port(s): 8081/http
2017-11-23 14:08:52.600 [br.com.fish.devops.Application.main()] INFO  org.apache.catalina.core.StandardService - Starting service Tomcat
2017-11-23 14:08:52.604 [br.com.fish.devops.Application.main()] INFO  org.apache.catalina.core.StandardEngine - Starting Servlet Engine: Apache Tomcat/8.0.15
2017-11-23 14:08:53.008 [localhost-startStop-1] INFO  org.apache.catalina.core.ContainerBase.[Tomcat].[localhost].[/] - Initializing Spring embedded WebApplicationContext
2017-11-23 14:08:53.011 [localhost-startStop-1] INFO  org.springframework.web.context.ContextLoader - Root WebApplicationContext: initialization completed in 2053 ms
2017-11-23 14:08:53.735 [localhost-startStop-1] INFO  org.springframework.boot.context.embedded.FilterRegistrationBean - Mapping filter: 'requestContextFilter' to: [/*]
2017-11-23 14:08:53.736 [localhost-startStop-1] INFO  org.springframework.boot.context.embedded.FilterRegistrationBean - Mapping filter: 'hiddenHttpMethodFilter' to: [/*]
2017-11-23 14:08:53.737 [localhost-startStop-1] INFO  org.springframework.boot.context.embedded.FilterRegistrationBean - Mapping filter: 'characterEncodingFilter' to: [/*]
2017-11-23 14:08:53.738 [localhost-startStop-1] INFO  org.springframework.boot.context.embedded.ServletRegistrationBean - Mapping servlet: 'jerseyServlet' to [/*]
2017-11-23 14:08:53.742 [localhost-startStop-1] INFO  org.springframework.boot.context.embedded.ServletRegistrationBean - Mapping servlet: 'dispatcherServlet' to [/]
2017-11-23 14:08:53.992 [br.com.fish.devops.Application.main()] INFO  org.springframework.web.servlet.mvc.method.annotation.RequestMappingHandlerAdapter - Looking for @ControllerAdvice: org.springframework.boot.context.embedded.AnnotationConfigEmbeddedWebApplicationContext@67ae40ab: startup date [Thu Nov 23 14:08:50 BRT 2017]; root of context hierarchy
2017-11-23 14:08:54.047 [br.com.fish.devops.Application.main()] INFO  org.springframework.web.servlet.mvc.method.annotation.RequestMappingHandlerMapping - Mapped "{[/error],methods=[],params=[],headers=[],consumes=[],produces=[text/html],custom=[]}" onto public org.springframework.web.servlet.ModelAndView org.springframework.boot.autoconfigure.web.BasicErrorController.errorHtml(javax.servlet.http.HttpServletRequest)
2017-11-23 14:08:54.048 [br.com.fish.devops.Application.main()] INFO  org.springframework.web.servlet.mvc.method.annotation.RequestMappingHandlerMapping - Mapped "{[/error],methods=[],params=[],headers=[],consumes=[],produces=[],custom=[]}" onto public org.springframework.http.ResponseEntity<java.util.Map<java.lang.String, java.lang.Object>> org.springframework.boot.autoconfigure.web.BasicErrorController.error(javax.servlet.http.HttpServletRequest)
2017-11-23 14:08:54.076 [br.com.fish.devops.Application.main()] INFO  org.springframework.web.servlet.handler.SimpleUrlHandlerMapping - Mapped URL path [/webjars/**] onto handler of type [class org.springframework.web.servlet.resource.ResourceHttpRequestHandler]
2017-11-23 14:08:54.078 [br.com.fish.devops.Application.main()] INFO  org.springframework.web.servlet.handler.SimpleUrlHandlerMapping - Mapped URL path [/**] onto handler of type [class org.springframework.web.servlet.resource.ResourceHttpRequestHandler]
2017-11-23 14:08:54.116 [br.com.fish.devops.Application.main()] INFO  org.springframework.web.servlet.handler.SimpleUrlHandlerMapping - Mapped URL path [/**/favicon.ico] onto handler of type [class org.springframework.web.servlet.resource.ResourceHttpRequestHandler]
2017-11-23 14:08:54.170 [br.com.fish.devops.Application.main()] INFO  org.springframework.jmx.export.annotation.AnnotationMBeanExporter - Registering beans for JMX exposure on startup
2017-11-23 14:08:54.184 [br.com.fish.devops.Application.main()] INFO  org.apache.coyote.http11.Http11NioProtocol - Initializing ProtocolHandler ["http-nio-8081"]
2017-11-23 14:08:54.193 [br.com.fish.devops.Application.main()] INFO  org.apache.coyote.http11.Http11NioProtocol - Starting ProtocolHandler ["http-nio-8081"]
2017-11-23 14:08:54.201 [br.com.fish.devops.Application.main()] INFO  org.apache.tomcat.util.net.NioSelectorPool - Using a shared selector for servlet write/read
2017-11-23 14:08:54.217 [br.com.fish.devops.Application.main()] INFO  org.springframework.boot.context.embedded.tomcat.TomcatEmbeddedServletContainer - Tomcat started on port(s): 8081/http
2017-11-23 14:08:54.220 [br.com.fish.devops.Application.main()] INFO  br.com.fish.devops.Application - Started Application in 3.516 seconds (JVM running for 8.9)
